....[Hottest Region 1]..............................................................................
c2, level 4, com.rkdeep.LoopUnrollBenchmark::longStride1, version 3, compile id 675 

               0x00007f3af4fd3f92:   cmp    %rbp,%rcx
               0x00007f3af4fd3f95:   cmovg  %edi,%r11d
               0x00007f3af4fd3f99:   mov    %r11d,%ecx
               0x00007f3af4fd3f9c:   add    $0xfffffffc,%ecx
               0x00007f3af4fd3f9f:   cmp    %ecx,%r11d
               0x00007f3af4fd3fa2:   cmovl  %r8d,%ecx
               0x00007f3af4fd3fa6:   movslq %ecx,%r11
               0x00007f3af4fd3fa9:   cmp    %rsi,%r11
               0x00007f3af4fd3fac:   mov    %ecx,%r11d
               0x00007f3af4fd3faf:   cmovg  %r10d,%r11d
   0.00%       0x00007f3af4fd3fb3:   mov    %r11d,0x10(%rsp)
               0x00007f3af4fd3fb8:   cmp    $0x2,%r11d
          ╭    0x00007f3af4fd3fbc:   jle    0x00007f3af4fd406b
          │ ↗  0x00007f3af4fd3fc2:   mov    0x10(%rsp),%r11d
          │ │  0x00007f3af4fd3fc7:   sub    %r13d,%r11d
          │ │  0x00007f3af4fd3fca:   mov    0x10(%rsp),%r8d
   0.00%  │ │  0x00007f3af4fd3fcf:   xor    %r10d,%r10d
          │ │  0x00007f3af4fd3fd2:   cmp    %r13d,%r8d
          │ │  0x00007f3af4fd3fd5:   cmovl  %r10d,%r11d
   0.02%  │ │  0x00007f3af4fd3fd9:   cmp    $0x1f40,%r11d
          │ │  0x00007f3af4fd3fe0:   mov    $0x1f40,%r8d
   0.00%  │ │  0x00007f3af4fd3fe6:   cmova  %r8d,%r11d
   0.01%  │ │  0x00007f3af4fd3fea:   add    %r13d,%r11d
   0.00%  │ │  0x00007f3af4fd3fed:   data16 xchg %ax,%ax                 ;*lload_1 {reexecute=0 rethrow=0 return_oop=0}
          │ │                                                            ; - com.rkdeep.LoopUnrollBenchmark::longStride1@12 (line 84)
  10.74%  │↗│  0x00007f3af4fd3ff0:   cmp    (%rsp),%ebx
          │││  0x00007f3af4fd3ff3:   jae    0x00007f3af4fd40b8
   0.03%  │││  0x00007f3af4fd3ff9:   add    0x10(%r9,%rbx,8),%rax
   0.64%  │││  0x00007f3af4fd3ffe:   movslq %r13d,%r8
   0.03%  │││  0x00007f3af4fd4001:   mov    0x8(%rsp),%rdx
  10.29%  │││  0x00007f3af4fd4006:   add    %r8,%rdx
   0.02%  │││  0x00007f3af4fd4009:   mov    %r14,%r10
   0.20%  │││  0x00007f3af4fd400c:   add    %r8,%r10
   0.03%  │││  0x00007f3af4fd400f:   mov    0x48(%r9,%r10,8),%r8
  20.69%  │││  0x00007f3af4fd4014:   mov    0x40(%r9,%r10,8),%rcx
   0.20%  │││  0x00007f3af4fd4019:   mov    0x38(%r9,%r10,8),%rbx
   0.76%  │││  0x00007f3af4fd401e:   mov    0x30(%r9,%r10,8),%rdi
   0.16%  │││  0x00007f3af4fd4023:   mov    0x28(%r9,%r10,8),%rsi
  10.03%  │││  0x00007f3af4fd4028:   mov    0x20(%r9,%r10,8),%rbp
   0.06%  │││  0x00007f3af4fd402d:   mov    0x18(%r9,%r10,8),%r10        ;*laload {reexecute=0 rethrow=0 return_oop=0}
          │││                                                            ; - com.rkdeep.LoopUnrollBenchmark::longStride1@19 (line 84)
   0.73%  │││  0x00007f3af4fd4032:   add    %r10,%rax
   0.22%  │││  0x00007f3af4fd4035:   add    %rbp,%rax
  10.10%  │││  0x00007f3af4fd4038:   add    %rsi,%rax
   0.32%  │││  0x00007f3af4fd403b:   add    %rdi,%rax
   0.96%  │││  0x00007f3af4fd403e:   add    %rbx,%rax
  10.06%  │││  0x00007f3af4fd4041:   add    %rcx,%rax
  10.50%  │││  0x00007f3af4fd4044:   add    %r8,%rax                     ;*ladd {reexecute=0 rethrow=0 return_oop=0}
          │││                                                            ; - com.rkdeep.LoopUnrollBenchmark::longStride1@20 (line 84)
  10.70%  │││  0x00007f3af4fd4047:   add    $0x8,%rdx
   0.01%  │││  0x00007f3af4fd404b:   mov    %edx,%ebx                    ;*l2i {reexecute=0 rethrow=0 return_oop=0}
          │││                                                            ; - com.rkdeep.LoopUnrollBenchmark::longStride1@18 (line 84)
   0.02%  │││  0x00007f3af4fd404d:   add    $0x8,%r13d
   0.04%  │││  0x00007f3af4fd4051:   cmp    %r11d,%r13d
          │╰│  0x00007f3af4fd4054:   jl     0x00007f3af4fd3ff0           ;*ifge {reexecute=0 rethrow=0 return_oop=0}
          │ │                                                            ; - com.rkdeep.LoopUnrollBenchmark::longStride1@9 (line 82)
   0.01%  │ │  0x00007f3af4fd4056:   mov    0x350(%r15),%r10             ; ImmutableOopMap {r9=Oop xmm0=Oop xmm2=NarrowOop }
          │ │                                                            ;*goto {reexecute=1 rethrow=0 return_oop=0}
          │ │                                                            ; - (reexecute) com.rkdeep.LoopUnrollBenchmark::longStride1@26 (line 82)
   0.01%  │ │  0x00007f3af4fd405d:   test   %eax,(%r10)                  ;*goto {reexecute=0 rethrow=0 return_oop=0}
          │ │                                                            ; - com.rkdeep.LoopUnrollBenchmark::longStride1@26 (line 82)
          │ │                                                            ;   {poll}
   0.11%  │ │  0x00007f3af4fd4060:   cmp    0x10(%rsp),%r13d
          │ ╰  0x00007f3af4fd4065:   jl     0x00007f3af4fd3fc2
          ↘    0x00007f3af4fd406b:   cmp    0x4(%rsp),%r13d
               0x00007f3af4fd4070:   jge    0x00007f3af4fd409a
               0x00007f3af4fd4072:   xchg   %ax,%ax                      ;*l2i {reexecute=0 rethrow=0 return_oop=0}
                                                                         ; - com.rkdeep.LoopUnrollBenchmark::longStride1@18 (line 84)
               0x00007f3af4fd4074:   cmp    (%rsp),%ebx
               0x00007f3af4fd4077:   jae    0x00007f3af4fd410c
               0x00007f3af4fd407d:   add    0x10(%r9,%rbx,8),%rax        ;*ladd {reexecute=0 rethrow=0 return_oop=0}
